<?xml version="1.0" encoding= "UTF-8" ?><testsuites><testsuite hostname="b29abafc89ac" name="pixelwar_ws_SUITE" time="1.671539" timestamp="2024-03-12T15:30:18" errors="0" failures="0" skipped="0" tests="3" log="/__w/pixelwar/pixelwar/results/ct_run.nonode@nohost.2024-03-12_15.30.18/extras.apps.logs/run.2024-03-12_15.30.18/suite.log.html"><testcase name="init_per_suite" time="0.000125" timestamp="2024-03-12T15:30:18" file="/__w/pixelwar/pixelwar/_build/test/extras/apps/pixelwar/test/pixelwar_ws_SUITE.erl" log="/__w/pixelwar/pixelwar/results/ct_run.nonode@nohost.2024-03-12_15.30.18/extras.apps.logs/run.2024-03-12_15.30.18/ct_framework.init_per_suite.66.html"></testcase><testcase name="receive_state_test_case" time="0.094062" timestamp="2024-03-12T15:30:18" file="/__w/pixelwar/pixelwar/_build/test/extras/apps/pixelwar/test/pixelwar_ws_SUITE.erl" line="56" log="/__w/pixelwar/pixelwar/results/ct_run.nonode@nohost.2024-03-12_15.30.18/extras.apps.logs/run.2024-03-12_15.30.18/pixelwar_ws_suite.receive_state_test_case.html"></testcase><testcase name="send_pixel_test_case" time="0.205405" timestamp="2024-03-12T15:30:18" file="/__w/pixelwar/pixelwar/_build/test/extras/apps/pixelwar/test/pixelwar_ws_SUITE.erl" line="69" log="/__w/pixelwar/pixelwar/results/ct_run.nonode@nohost.2024-03-12_15.30.18/extras.apps.logs/run.2024-03-12_15.30.18/pixelwar_ws_suite.send_pixel_test_case.html"></testcase><testcase name="send_pixel_get_state_test_case" time="0.048031" timestamp="2024-03-12T15:30:19" file="/__w/pixelwar/pixelwar/_build/test/extras/apps/pixelwar/test/pixelwar_ws_SUITE.erl" line="82" log="/__w/pixelwar/pixelwar/results/ct_run.nonode@nohost.2024-03-12_15.30.18/extras.apps.logs/run.2024-03-12_15.30.18/pixelwar_ws_suite.send_pixel_get_state_test_case.html"></testcase><testcase name="end_per_suite" time="0.000107" timestamp="2024-03-12T15:30:19" file="/__w/pixelwar/pixelwar/_build/test/extras/apps/pixelwar/test/pixelwar_ws_SUITE.erl" log="/__w/pixelwar/pixelwar/results/ct_run.nonode@nohost.2024-03-12_15.30.18/extras.apps.logs/run.2024-03-12_15.30.18/ct_framework.end_per_suite.98.html"></testcase></testsuite><testsuite hostname="b29abafc89ac" name="pixelwar_serv_SUITE" time="0.147476" timestamp="2024-03-12T15:30:18" errors="0" failures="0" skipped="0" tests="2" log="/__w/pixelwar/pixelwar/results/ct_run.nonode@nohost.2024-03-12_15.30.18/extras.apps.logs/run.2024-03-12_15.30.18/suite.log.html"><testcase name="init_per_suite" time="0.000128" timestamp="2024-03-12T15:30:18" file="/__w/pixelwar/pixelwar/_build/test/extras/apps/pixelwar/test/pixelwar_serv_SUITE.erl" log="/__w/pixelwar/pixelwar/results/ct_run.nonode@nohost.2024-03-12_15.30.18/extras.apps.logs/run.2024-03-12_15.30.18/ct_framework.init_per_suite.2.html"></testcase><testcase name="get_state_test_case" time="0.050131" timestamp="2024-03-12T15:30:18" file="/__w/pixelwar/pixelwar/_build/test/extras/apps/pixelwar/test/pixelwar_serv_SUITE.erl" line="30" log="/__w/pixelwar/pixelwar/results/ct_run.nonode@nohost.2024-03-12_15.30.18/extras.apps.logs/run.2024-03-12_15.30.18/pixelwar_serv_suite.get_state_test_case.html"></testcase><testcase name="place_out_of_bounds_test_case" time="0.003345" timestamp="2024-03-12T15:30:18" file="/__w/pixelwar/pixelwar/_build/test/extras/apps/pixelwar/test/pixelwar_serv_SUITE.erl" line="41" log="/__w/pixelwar/pixelwar/results/ct_run.nonode@nohost.2024-03-12_15.30.18/extras.apps.logs/run.2024-03-12_15.30.18/pixelwar_serv_suite.place_out_of_bounds_test_case.html"></testcase><testcase name="end_per_suite" time="0.000114" timestamp="2024-03-12T15:30:18" file="/__w/pixelwar/pixelwar/_build/test/extras/apps/pixelwar/test/pixelwar_serv_SUITE.erl" log="/__w/pixelwar/pixelwar/results/ct_run.nonode@nohost.2024-03-12_15.30.18/extras.apps.logs/run.2024-03-12_15.30.18/ct_framework.end_per_suite.34.html"></testcase></testsuite><testsuite hostname="b29abafc89ac" name="pixelwar_matrix_SUITE" time="0.168364" timestamp="2024-03-12T15:30:18" errors="0" failures="0" skipped="0" tests="5" log="/__w/pixelwar/pixelwar/results/ct_run.nonode@nohost.2024-03-12_15.30.18/extras.apps.logs/run.2024-03-12_15.30.18/suite.log.html"><testcase name="init_per_suite" time="0.000125" timestamp="2024-03-12T15:30:18" file="/__w/pixelwar/pixelwar/_build/test/extras/apps/pixelwar/test/pixelwar_matrix_SUITE.erl" log="/__w/pixelwar/pixelwar/results/ct_run.nonode@nohost.2024-03-12_15.30.18/extras.apps.logs/run.2024-03-12_15.30.18/ct_framework.init_per_suite.html"></testcase><testcase name="create_invalid_size_matrix_test_case" time="0.000170" timestamp="2024-03-12T15:30:18" file="/__w/pixelwar/pixelwar/_build/test/extras/apps/pixelwar/test/pixelwar_matrix_SUITE.erl" line="21" log="/__w/pixelwar/pixelwar/results/ct_run.nonode@nohost.2024-03-12_15.30.18/extras.apps.logs/run.2024-03-12_15.30.18/pixelwar_matrix_suite.create_invalid_size_matrix_test_case.html"></testcase><testcase name="create_matrix_with_pixels_test_case" time="0.000121" timestamp="2024-03-12T15:30:18" file="/__w/pixelwar/pixelwar/_build/test/extras/apps/pixelwar/test/pixelwar_matrix_SUITE.erl" line="31" log="/__w/pixelwar/pixelwar/results/ct_run.nonode@nohost.2024-03-12_15.30.18/extras.apps.logs/run.2024-03-12_15.30.18/pixelwar_matrix_suite.create_matrix_with_pixels_test_case.html"></testcase><testcase name="matrix_to_binary_test_case" time="0.000236" timestamp="2024-03-12T15:30:18" file="/__w/pixelwar/pixelwar/_build/test/extras/apps/pixelwar/test/pixelwar_matrix_SUITE.erl" line="41" log="/__w/pixelwar/pixelwar/results/ct_run.nonode@nohost.2024-03-12_15.30.18/extras.apps.logs/run.2024-03-12_15.30.18/pixelwar_matrix_suite.matrix_to_binary_test_case.html"></testcase><testcase name="set_pixel_invalid_location_test_case" time="0.000171" timestamp="2024-03-12T15:30:18" file="/__w/pixelwar/pixelwar/_build/test/extras/apps/pixelwar/test/pixelwar_matrix_SUITE.erl" line="55" log="/__w/pixelwar/pixelwar/results/ct_run.nonode@nohost.2024-03-12_15.30.18/extras.apps.logs/run.2024-03-12_15.30.18/pixelwar_matrix_suite.set_pixel_invalid_location_test_case.html"></testcase><testcase name="resize_matrix_test_case" time="0.000200" timestamp="2024-03-12T15:30:18" file="/__w/pixelwar/pixelwar/_build/test/extras/apps/pixelwar/test/pixelwar_matrix_SUITE.erl" line="67" log="/__w/pixelwar/pixelwar/results/ct_run.nonode@nohost.2024-03-12_15.30.18/extras.apps.logs/run.2024-03-12_15.30.18/pixelwar_matrix_suite.resize_matrix_test_case.html"></testcase><testcase name="end_per_suite" time="0.000132" timestamp="2024-03-12T15:30:18" file="/__w/pixelwar/pixelwar/_build/test/extras/apps/pixelwar/test/pixelwar_matrix_SUITE.erl" log="/__w/pixelwar/pixelwar/results/ct_run.nonode@nohost.2024-03-12_15.30.18/extras.apps.logs/run.2024-03-12_15.30.18/ct_framework.end_per_suite.html"></testcase></testsuite></testsuites>